<?xml version="1.0" encoding="UTF-8"?>
<testsuite xmlns:xsi="http://www.w3.org/2001/XMLSchema-instance" xsi:noNamespaceSchemaLocation="https://maven.apache.org/surefire/maven-surefire-plugin/xsd/surefire-test-report-3.0.xsd" version="3.0" name="com.example.CalculatorTest" time="0.143" tests="5" errors="0" skipped="0" failures="0">
  <properties>
    <property name="java.specification.version" value="17"/>
    <property name="sun.cpu.isalist" value="amd64"/>
    <property name="sun.jnu.encoding" value="GBK"/>
    <property name="java.class.path" value="C:\Users\35643\Desktop\test\target\test-classes;C:\Users\35643\Desktop\test\target\classes;D:\Tools\Maven\maven-repository\junit\junit\4.13.1\junit-4.13.1.jar;D:\Tools\Maven\maven-repository\org\hamcrest\hamcrest-core\1.3\hamcrest-core-1.3.jar;D:\Tools\Maven\maven-repository\org\junit\jupiter\junit-jupiter\5.13.0-M3\junit-jupiter-5.13.0-M3.jar;D:\Tools\Maven\maven-repository\org\junit\jupiter\junit-jupiter-api\5.13.0-M3\junit-jupiter-api-5.13.0-M3.jar;D:\Tools\Maven\maven-repository\org\opentest4j\opentest4j\1.3.0\opentest4j-1.3.0.jar;D:\Tools\Maven\maven-repository\org\junit\platform\junit-platform-commons\1.13.0-M3\junit-platform-commons-1.13.0-M3.jar;D:\Tools\Maven\maven-repository\org\apiguardian\apiguardian-api\1.1.2\apiguardian-api-1.1.2.jar;D:\Tools\Maven\maven-repository\org\junit\jupiter\junit-jupiter-params\5.13.0-M3\junit-jupiter-params-5.13.0-M3.jar;D:\Tools\Maven\maven-repository\org\junit\jupiter\junit-jupiter-engine\5.13.0-M3\junit-jupiter-engine-5.13.0-M3.jar;D:\Tools\Maven\maven-repository\org\junit\platform\junit-platform-engine\1.13.0-M3\junit-platform-engine-1.13.0-M3.jar;"/>
    <property name="java.vm.vendor" value="Oracle Corporation"/>
    <property name="sun.arch.data.model" value="64"/>
    <property name="user.variant" value=""/>
    <property name="java.vendor.url" value="https://java.oracle.com/"/>
    <property name="user.timezone" value="Asia/Shanghai"/>
    <property name="os.name" value="Windows 10"/>
    <property name="java.vm.specification.version" value="17"/>
    <property name="sun.java.launcher" value="SUN_STANDARD"/>
    <property name="user.country" value="CN"/>
    <property name="sun.boot.library.path" value="D:\java\jdk-17\bin"/>
    <property name="sun.java.command" value="C:\Users\35643\AppData\Local\Temp\surefire10853072006081985397\surefirebooter-20250507175131424_3.jar C:\Users\35643\AppData\Local\Temp\surefire10853072006081985397 2025-05-07T17-51-30_423-jvmRun1 surefire-20250507175131424_1tmp surefire_0-20250507175131424_2tmp"/>
    <property name="jdk.debug" value="release"/>
    <property name="surefire.test.class.path" value="C:\Users\35643\Desktop\test\target\test-classes;C:\Users\35643\Desktop\test\target\classes;D:\Tools\Maven\maven-repository\junit\junit\4.13.1\junit-4.13.1.jar;D:\Tools\Maven\maven-repository\org\hamcrest\hamcrest-core\1.3\hamcrest-core-1.3.jar;D:\Tools\Maven\maven-repository\org\junit\jupiter\junit-jupiter\5.13.0-M3\junit-jupiter-5.13.0-M3.jar;D:\Tools\Maven\maven-repository\org\junit\jupiter\junit-jupiter-api\5.13.0-M3\junit-jupiter-api-5.13.0-M3.jar;D:\Tools\Maven\maven-repository\org\opentest4j\opentest4j\1.3.0\opentest4j-1.3.0.jar;D:\Tools\Maven\maven-repository\org\junit\platform\junit-platform-commons\1.13.0-M3\junit-platform-commons-1.13.0-M3.jar;D:\Tools\Maven\maven-repository\org\apiguardian\apiguardian-api\1.1.2\apiguardian-api-1.1.2.jar;D:\Tools\Maven\maven-repository\org\junit\jupiter\junit-jupiter-params\5.13.0-M3\junit-jupiter-params-5.13.0-M3.jar;D:\Tools\Maven\maven-repository\org\junit\jupiter\junit-jupiter-engine\5.13.0-M3\junit-jupiter-engine-5.13.0-M3.jar;D:\Tools\Maven\maven-repository\org\junit\platform\junit-platform-engine\1.13.0-M3\junit-platform-engine-1.13.0-M3.jar;"/>
    <property name="sun.cpu.endian" value="little"/>
    <property name="user.home" value="C:\Users\35643"/>
    <property name="user.language" value="zh"/>
    <property name="java.specification.vendor" value="Oracle Corporation"/>
    <property name="java.version.date" value="2024-10-15"/>
    <property name="java.home" value="D:\java\jdk-17"/>
    <property name="file.separator" value="\"/>
    <property name="basedir" value="C:\Users\35643\Desktop\test"/>
    <property name="java.vm.compressedOopsMode" value="Zero based"/>
    <property name="line.separator" value="&#10;"/>
    <property name="java.vm.specification.vendor" value="Oracle Corporation"/>
    <property name="java.specification.name" value="Java Platform API Specification"/>
    <property name="surefire.real.class.path" value="C:\Users\35643\AppData\Local\Temp\surefire10853072006081985397\surefirebooter-20250507175131424_3.jar"/>
    <property name="user.script" value=""/>
    <property name="sun.management.compiler" value="HotSpot 64-Bit Tiered Compilers"/>
    <property name="java.runtime.version" value="17.0.13+10-LTS-268"/>
    <property name="user.name" value="35643"/>
    <property name="path.separator" value=";"/>
    <property name="os.version" value="10.0"/>
    <property name="java.runtime.name" value="Java(TM) SE Runtime Environment"/>
    <property name="file.encoding" value="GBK"/>
    <property name="java.vm.name" value="Java HotSpot(TM) 64-Bit Server VM"/>
    <property name="localRepository" value="D:\Tools\Maven\maven-repository"/>
    <property name="java.vendor.url.bug" value="https://bugreport.java.com/bugreport/"/>
    <property name="java.io.tmpdir" value="C:\Users\35643\AppData\Local\Temp\"/>
    <property name="java.version" value="17.0.13"/>
    <property name="user.dir" value="C:\Users\35643\Desktop\test"/>
    <property name="os.arch" value="amd64"/>
    <property name="java.vm.specification.name" value="Java Virtual Machine Specification"/>
    <property name="sun.os.patch.level" value=""/>
    <property name="native.encoding" value="GBK"/>
    <property name="java.library.path" value="D:\java\jdk-17\bin;C:\windows\Sun\Java\bin;C:\windows\system32;C:\windows;C:\Program Files\Common Files\Oracle\Java\javapath;C:\Program Files\YunShu\utils;C:\ProgramData\Oracle\Java\javapath;C:\Windows\System32\HWAudioDriver;C:\windows\system32;C:\windows;C:\windows\System32\Wbem;C:\windows\System32\WindowsPowerShell\v1.0\;C:\windows\System32\OpenSSH\;C:\Users\Administrator\AppData\Local\Microsoft\WindowsApps;D:\java\jdk-17\bin;D:\Tools\Maven\apache-maven-3.9.9\bin;C:\Users\35643\AppData\Local\Microsoft\WindowsApps;C:\Users\35643\AppData\Local\Programs\Microsoft VS Code\bin;."/>
    <property name="java.vm.info" value="mixed mode, sharing"/>
    <property name="java.vendor" value="Oracle Corporation"/>
    <property name="java.vm.version" value="17.0.13+10-LTS-268"/>
    <property name="java.specification.maintenance.version" value="1"/>
    <property name="sun.io.unicode.encoding" value="UnicodeLittle"/>
    <property name="java.class.version" value="61.0"/>
  </properties>
  <testcase name="testDivideByZero" classname="com.example.CalculatorTest" time="0.073"/>
  <testcase name="testAdd" classname="com.example.CalculatorTest" time="0.004"/>
  <testcase name="testSubtract" classname="com.example.CalculatorTest" time="0.008"/>
  <testcase name="testDivide" classname="com.example.CalculatorTest" time="0.0"/>
  <testcase name="testMultiply" classname="com.example.CalculatorTest" time="0.0"/>
</testsuite>